<?xml version="1.0" encoding="UTF-8"?>
<!-- Generated by org.testng.reporters.JUnitXMLReporter -->
<testsuite ignored="0" hostname="Anus-MacBook-Air.local" failures="0" tests="5" name="Test" time="7.915" errors="0" timestamp="21 Jul 2019 16:46:43 GMT">
  <testcase classname="apitests.Postrequest" name="Testpost" time="3.687"/>
  <testcase classname="apitests.DeleteRequest" name="putTest" time="1.147"/>
  <testcase classname="apitests.PutRequest" name="putTest" time="0.869"/>
  <testcase classname="mytest.Mytests" name="Test1" time="0.002"/>
  <testcase classname="mytest.Mytests" name="Test2" time="0.001"/>
</testsuite> <!-- Test -->
