<?xml version="1.0" encoding="UTF-8"?>
<!-- Generated by org.testng.reporters.JUnitXMLReporter -->
<testsuite ignored="0" hostname="Anus-MacBook-Air.local" failures="1" tests="5" name="Test" time="6.157" errors="0" timestamp="28 Jul 2019 06:13:44 GMT">
  <testcase classname="apitests.Postrequest" name="Testpost" time="3.042"/>
  <testcase classname="apitests.DeleteRequest" name="putTest" time="1.274"/>
  <testcase classname="apitests.PutRequest" name="putTest" time="0.759"/>
  <testcase classname="mytest.Mytests" name="Test1" time="0.001">
    <failure type="java.lang.AssertionError" message="expected:&amp;lt;false&amp;gt; but was:&amp;lt;true&amp;gt;">
      <![CDATA[java.lang.AssertionError: expected:<false> but was:<true>
at mytest.Mytests.Test1(Mytests.java:18)
... Removed 34 stack frames]]>
    </failure>
  </testcase> <!-- Test1 -->
  <testcase classname="mytest.Mytests" name="Test2" time="0.001"/>
</testsuite> <!-- Test -->
