<?xml version="1.0" encoding="UTF-8"?>
<!-- Generated by org.testng.reporters.JUnitXMLReporter -->
<testsuite ignored="0" hostname="Anus-Air" failures="0" tests="5" name="Test" time="5.712" errors="0" timestamp="21 Jul 2019 13:27:32 GMT">
  <testcase classname="apitests.Postrequest" name="Testpost" time="2.773"/>
  <testcase classname="apitests.DeleteRequest" name="putTest" time="1.169"/>
  <testcase classname="apitests.PutRequest" name="putTest" time="1.188"/>
  <testcase classname="mytest.Mytests" name="Test1" time="0.0"/>
  <testcase classname="mytest.Mytests" name="Test2" time="0.0"/>
</testsuite> <!-- Test -->
