<?xml version="1.0" encoding="UTF-8"?>
<testsuite xmlns:xsi="http://www.w3.org/2001/XMLSchema-instance" xsi:noNamespaceSchemaLocation="https://maven.apache.org/surefire/maven-surefire-plugin/xsd/surefire-test-report-3.0.xsd" version="3.0" name="TestSuite" time="6.166" tests="5" errors="0" skipped="0" failures="0">
  <properties>
[...]
</properties>
  <testcase name="Testpost" classname="apitests.Postrequest" time="2.779"/>
  <testcase name="putTest" classname="apitests.DeleteRequest" time="1.168"/>
  <testcase name="putTest" classname="apitests.PutRequest" time="1.185"/>
  <testcase name="Test1" classname="mytest.Mytests" time="0"/>
  <testcase name="Test2" classname="mytest.Mytests" time="0"/>
</testsuite>