-------------------------------------------------------------------------------
Test set: TestSuite
-------------------------------------------------------------------------------
Tests run: 5, Failures: 1, Errors: 0, Skipped: 0, Time elapsed: 11.765 s <<< FAILURE! - in TestSuite
Test1(mytest.Mytests)  Time elapsed: 0.014 s  <<< FAILURE!
java.lang.AssertionError: expected:<false> but was:<true>
	at mytest.Mytests.Test1(Mytests.java:18)

