<?xml version="1.0" encoding="UTF-8"?>
<testng-results ignored="0" total="1" passed="1" failed="0" skipped="0">
  <reporter-output>
  </reporter-output>
  <suite started-at="2019-07-21T17:01:15Z" name="Default suite" finished-at="2019-07-21T17:01:17Z" duration-ms="2351">
    <groups>
    </groups>
    <test started-at="2019-07-21T17:01:15Z" name="Default test" finished-at="2019-07-21T17:01:17Z" duration-ms="2351">
      <class name="apitests.StatusCode">
        <test-method signature="status()[pri:0, instance:apitests.StatusCode@6236eb5f]" started-at="2019-07-21T17:01:15Z" name="status" finished-at="2019-07-21T17:01:17Z" duration-ms="2326" status="PASS">
          <reporter-output>
          </reporter-output>
        </test-method> <!-- status -->
      </class> <!-- apitests.StatusCode -->
    </test> <!-- Default test -->
  </suite> <!-- Default suite -->
</testng-results>
